0 info it worked if it ends with ok
1 verbose cli [ '/Users/Johnathan/.nvm/versions/node/v6.11.0/bin/node',
1 verbose cli   '/Users/Johnathan/.nvm/versions/node/v6.11.0/bin/npm',
1 verbose cli   'start' ]
2 info using npm@3.10.10
3 info using node@v6.11.0
4 verbose run-script [ 'prestart', 'start', 'poststart' ]
5 info lifecycle complete-intro-to-react@1.0.0~prestart: complete-intro-to-react@1.0.0
6 silly lifecycle complete-intro-to-react@1.0.0~prestart: no script for prestart, continuing
7 info lifecycle complete-intro-to-react@1.0.0~start: complete-intro-to-react@1.0.0
8 verbose lifecycle complete-intro-to-react@1.0.0~start: unsafe-perm in lifecycle true
9 verbose lifecycle complete-intro-to-react@1.0.0~start: PATH: /Users/Johnathan/.nvm/versions/node/v6.11.0/lib/node_modules/npm/bin/node-gyp-bin:/Users/Johnathan/Desktop/Mystery_box/complete-intro-to-react-start/node_modules/.bin:/Users/Johnathan/.rvm/gems/ruby-2.4.0/bin:/Users/Johnathan/.rvm/gems/ruby-2.4.0@global/bin:/Users/Johnathan/.rvm/rubies/ruby-2.4.0/bin:/Users/Johnathan/.nvm/versions/node/v6.11.0/bin:/Library/Frameworks/Python.framework/Versions/3.6/bin:/usr/local/bin:/usr/bin:/bin:/usr/sbin:/sbin:/opt/X11/bin:/Users/Johnathan/.rvm/bin
10 verbose lifecycle complete-intro-to-react@1.0.0~start: CWD: /Users/Johnathan/Desktop/Mystery_box/complete-intro-to-react-start
11 silly lifecycle complete-intro-to-react@1.0.0~start: Args: [ '-c', 'NODE_ENV=server node server.js' ]
12 silly lifecycle complete-intro-to-react@1.0.0~start: Returned: code: 1  signal: null
13 info lifecycle complete-intro-to-react@1.0.0~start: Failed to exec start script
14 verbose stack Error: complete-intro-to-react@1.0.0 start: `NODE_ENV=server node server.js`
14 verbose stack Exit status 1
14 verbose stack     at EventEmitter.<anonymous> (/Users/Johnathan/.nvm/versions/node/v6.11.0/lib/node_modules/npm/lib/utils/lifecycle.js:255:16)
14 verbose stack     at emitTwo (events.js:106:13)
14 verbose stack     at EventEmitter.emit (events.js:191:7)
14 verbose stack     at ChildProcess.<anonymous> (/Users/Johnathan/.nvm/versions/node/v6.11.0/lib/node_modules/npm/lib/utils/spawn.js:40:14)
14 verbose stack     at emitTwo (events.js:106:13)
14 verbose stack     at ChildProcess.emit (events.js:191:7)
14 verbose stack     at maybeClose (internal/child_process.js:891:16)
14 verbose stack     at Process.ChildProcess._handle.onexit (internal/child_process.js:226:5)
15 verbose pkgid complete-intro-to-react@1.0.0
16 verbose cwd /Users/Johnathan/Desktop/Mystery_box/complete-intro-to-react-start
17 error Darwin 16.6.0
18 error argv "/Users/Johnathan/.nvm/versions/node/v6.11.0/bin/node" "/Users/Johnathan/.nvm/versions/node/v6.11.0/bin/npm" "start"
19 error node v6.11.0
20 error npm  v3.10.10
21 error code ELIFECYCLE
22 error complete-intro-to-react@1.0.0 start: `NODE_ENV=server node server.js`
22 error Exit status 1
23 error Failed at the complete-intro-to-react@1.0.0 start script 'NODE_ENV=server node server.js'.
23 error Make sure you have the latest version of node.js and npm installed.
23 error If you do, this is most likely a problem with the complete-intro-to-react package,
23 error not with npm itself.
23 error Tell the author that this fails on your system:
23 error     NODE_ENV=server node server.js
23 error You can get information on how to open an issue for this project with:
23 error     npm bugs complete-intro-to-react
23 error Or if that isn't available, you can get their info via:
23 error     npm owner ls complete-intro-to-react
23 error There is likely additional logging output above.
24 verbose exit [ 1, true ]
